[32m[I 2020-11-24 14:05:06,247][0m Trial 11 finished with value: 0.9629828102703264 and parameters: {'la': 0.00032798941676156584, 'mu': 1.9115549381441843e-06}. Best is trial 9 with value: 0.9584606242012976.[0m
2020-11-24 14:05:06,259  ROOT INFO STARTING TRIAL : la : 1.1695056812805711e-06 -- mu : 1.4069999053290702e-05
2020-11-24 14:05:15,638  root INFO optimization stopped after dual gap reached 0.01, iteration : 1680
2020-11-24 14:05:15,642  ROOT INFO finished optimization with dual gap : tensor([[0.0100]]), loss : tensor([[-0.3023]]), integral : 0.9926552443612312
2020-11-24 14:05:26,928  root INFO optimization stopped after dual gap reached 0.01, iteration : 1373
2020-11-24 14:05:26,931  ROOT INFO finished optimization with dual gap : tensor([[0.0100]]), loss : tensor([[-0.3065]]), integral : 0.9928602546224964
2020-11-24 14:05:28,492  root INFO optimization stopped after dual gap reached 0.01, iteration : 1653
2020-11-24 14:05:28,496  ROOT INFO finished optimization with dual gap : tensor([[0.0100]]), loss : tensor([[-0.3082]]), integral : 0.9930849951439779
2020-11-24 14:05:39,012  root INFO optimization stopped after dual gap reached 0.01, iteration : 1567
2020-11-24 14:05:39,015  ROOT INFO finished optimization with dual gap : tensor([[0.0100]]), loss : tensor([[-0.3128]]), integral : 0.9923903431335032
2020-11-24 14:05:46,325  root INFO optimization stopped after dual gap reached 0.01, iteration : 1282
2020-11-24 14:05:46,328  ROOT INFO finished optimization with dual gap : tensor([[0.0099]]), loss : tensor([[-0.3171]]), integral : 0.9925092755257099
2020-11-24 14:05:51,653  root INFO optimization stopped after dual gap reached 0.01, iteration : 1533
2020-11-24 14:05:51,655  ROOT INFO finished optimization with dual gap : tensor([[0.0100]]), loss : tensor([[-0.3196]]), integral : 0.9928279679443904
2020-11-24 14:05:52,918  root INFO optimization stopped after dual gap reached 0.01, iteration : 919
2020-11-24 14:05:52,921  ROOT INFO finished optimization with dual gap : tensor([[0.0075]]), loss : tensor([[-0.2760]]), integral : 1.009977233519964
2020-11-24 14:05:58,127  root INFO optimization stopped after dual gap reached 0.01, iteration : 785
2020-11-24 14:05:58,130  ROOT INFO finished optimization with dual gap : tensor([[0.0081]]), loss : tensor([[-0.2804]]), integral : 1.0099311995665743
2020-11-24 14:06:04,968  root INFO optimization stopped after dual gap reached 0.01, iteration : 907
2020-11-24 14:06:04,971  ROOT INFO finished optimization with dual gap : tensor([[0.0091]]), loss : tensor([[-0.2817]]), integral : 1.0099125090072782
2020-11-24 14:06:15,767  root INFO optimization stopped after dual gap reached 0.01, iteration : 1532
2020-11-24 14:06:15,770  ROOT INFO finished optimization with dual gap : tensor([[0.0100]]), loss : tensor([[-0.2954]]), integral : 0.9925198320452459
2020-11-24 14:06:18,084  root INFO optimization stopped after dual gap reached 0.01, iteration : 1316
2020-11-24 14:06:18,088  ROOT INFO finished optimization with dual gap : tensor([[0.0100]]), loss : tensor([[-0.2997]]), integral : 0.9926998362335123
2020-11-24 14:06:28,797  root INFO optimization stopped after dual gap reached 0.01, iteration : 842
2020-11-24 14:06:28,799  ROOT INFO finished optimization with dual gap : tensor([[0.0057]]), loss : tensor([[-0.3672]]), integral : 1.0098656777025785
2020-11-24 14:06:28,807  ROOT INFO ENDING TRIAL : la : 0.0001462308052489671 -- mu : 1.0289935216869588e-05
[32m[I 2020-11-24 14:06:28,808][0m Trial 14 finished with value: 0.963518827498957 and parameters: {'la': 0.0001462308052489671, 'mu': 1.0289935216869588e-05}. Best is trial 9 with value: 0.9584606242012976.[0m
2020-11-24 14:06:28,818  ROOT INFO STARTING TRIAL : la : 1.7363563277420818e-06 -- mu : 0.0012276023805217555
2020-11-24 14:06:29,034  root INFO optimization stopped after dual gap reached 0.01, iteration : 720
2020-11-24 14:06:29,037  ROOT INFO finished optimization with dual gap : tensor([[0.0056]]), loss : tensor([[-0.3717]]), integral : 1.0097244818354105
2020-11-24 14:06:29,045  ROOT INFO ENDING TRIAL : la : 1.1695056812805711e-06 -- mu : 1.4069999053290702e-05
[32m[I 2020-11-24 14:06:29,045][0m Trial 16 finished with value: 0.9625192391008601 and parameters: {'la': 1.1695056812805711e-06, 'mu': 1.4069999053290702e-05}. Best is trial 9 with value: 0.9584606242012976.[0m
2020-11-24 14:06:29,055  ROOT INFO STARTING TRIAL : la : 1.606213238322939e-05 -- mu : 0.0013905078254133952
2020-11-24 14:06:29,253  root INFO optimization stopped after dual gap reached 0.01, iteration : 1582
2020-11-24 14:06:29,255  ROOT INFO finished optimization with dual gap : tensor([[0.0100]]), loss : tensor([[-0.3015]]), integral : 0.9930268123916554
2020-11-24 14:06:29,690  root INFO optimization stopped after dual gap reached 0.01, iteration : 12959
2020-11-24 14:06:29,693  ROOT INFO finished optimization with dual gap : tensor([[0.0084]]), loss : tensor([[-0.3507]]), integral : 1.0052372162597973
2020-11-24 14:06:30,184  root INFO optimization stopped after dual gap reached 0.01, iteration : 82
2020-11-24 14:06:30,187  ROOT INFO finished optimization with dual gap : tensor([[0.0002]]), loss : tensor([[-0.2609]]), integral : 1.008310138022638
2020-11-24 14:06:30,346  root INFO optimization stopped after dual gap reached 0.01, iteration : 78
2020-11-24 14:06:30,349  ROOT INFO finished optimization with dual gap : tensor([[0.0015]]), loss : tensor([[-0.2570]]), integral : 1.0061646091780228
2020-11-24 14:06:31,459  root INFO optimization stopped after dual gap reached 0.01, iteration : 81
2020-11-24 14:06:31,462  ROOT INFO finished optimization with dual gap : tensor([[0.0002]]), loss : tensor([[-0.2617]]), integral : 1.0087423330782144
2020-11-24 14:06:31,571  root INFO optimization stopped after dual gap reached 0.01, iteration : 77
2020-11-24 14:06:31,575  ROOT INFO finished optimization with dual gap : tensor([[0.0015]]), loss : tensor([[-0.2576]]), integral : 1.0067164684774346
2020-11-24 14:06:32,907  root INFO optimization stopped after dual gap reached 0.01, iteration : 84
2020-11-24 14:06:32,911  ROOT INFO finished optimization with dual gap : tensor([[0.0012]]), loss : tensor([[-0.2289]]), integral : 1.0053961231799922
2020-11-24 14:06:32,931  root INFO optimization stopped after dual gap reached 0.01, iteration : 79
2020-11-24 14:06:32,934  ROOT INFO finished optimization with dual gap : tensor([[0.0009]]), loss : tensor([[-0.2254]]), integral : 1.0054112412666465
2020-11-24 14:06:34,286  root INFO optimization stopped after dual gap reached 0.01, iteration : 77
2020-11-24 14:06:34,290  ROOT INFO finished optimization with dual gap : tensor([[0.0007]]), loss : tensor([[-0.2501]]), integral : 1.0073991334597592
2020-11-24 14:06:34,329  root INFO optimization stopped after dual gap reached 0.01, iteration : 82
2020-11-24 14:06:34,332  ROOT INFO finished optimization with dual gap : tensor([[0.0013]]), loss : tensor([[-0.2536]]), integral : 1.0070447937905114
2020-11-24 14:06:35,604  root INFO optimization stopped after dual gap reached 0.01, iteration : 77
2020-11-24 14:06:35,608  ROOT INFO finished optimization with dual gap : tensor([[0.0006]]), loss : tensor([[-0.2915]]), integral : 1.0048842493104035
2020-11-24 14:06:35,612  ROOT INFO ENDING TRIAL : la : 1.606213238322939e-05 -- mu : 0.0013905078254133952
[32m[I 2020-11-24 14:06:35,613][0m Trial 18 finished with value: 0.9679474796269986 and parameters: {'la': 1.606213238322939e-05, 'mu': 0.0013905078254133952}. Best is trial 9 with value: 0.9584606242012976.[0m
2020-11-24 14:06:35,623  ROOT INFO STARTING TRIAL : la : 8.253645286035814e-06 -- mu : 0.00017039927702381142
2020-11-24 14:06:35,736  root INFO optimization stopped after dual gap reached 0.01, iteration : 82
2020-11-24 14:06:35,739  ROOT INFO finished optimization with dual gap : tensor([[0.0010]]), loss : tensor([[-0.2955]]), integral : 1.0045379555491485
2020-11-24 14:06:35,744  ROOT INFO ENDING TRIAL : la : 1.7363563277420818e-06 -- mu : 0.0012276023805217555
[32m[I 2020-11-24 14:06:35,745][0m Trial 17 finished with value: 0.9665316757798804 and parameters: {'la': 1.7363563277420818e-06, 'mu': 0.0012276023805217555}. Best is trial 9 with value: 0.9584606242012976.[0m
2020-11-24 14:06:38,250  root INFO optimization stopped after dual gap reached 0.01, iteration : 215
2020-11-24 14:06:38,253  ROOT INFO finished optimization with dual gap : tensor([[0.0042]]), loss : tensor([[-0.2931]]), integral : 1.0091382545450884
2020-11-24 14:06:40,761  root INFO optimization stopped after dual gap reached 0.01, iteration : 212
2020-11-24 14:06:40,764  ROOT INFO finished optimization with dual gap : tensor([[0.0035]]), loss : tensor([[-0.2979]]), integral : 1.009214386522289
2020-11-24 14:06:41,032  root INFO optimization stopped after dual gap reached 0.01, iteration : 870
2020-11-24 14:06:41,035  ROOT INFO finished optimization with dual gap : tensor([[0.0073]]), loss : tensor([[-0.3758]]), integral : 1.0099858110214621
2020-11-24 14:06:41,042  ROOT INFO ENDING TRIAL : la : 2.760801915323409e-05 -- mu : 9.620369459631272e-06
[32m[I 2020-11-24 14:06:41,042][0m Trial 15 finished with value: 0.962295393655068 and parameters: {'la': 2.760801915323409e-05, 'mu': 9.620369459631272e-06}. Best is trial 9 with value: 0.9584606242012976.[0m
2020-11-24 14:06:42,849  root INFO optimization stopped after dual gap reached 0.01, iteration : 217
2020-11-24 14:06:42,851  ROOT INFO finished optimization with dual gap : tensor([[0.0018]]), loss : tensor([[-0.2604]]), integral : 1.0093711985680596
2020-11-24 14:06:44,808  root INFO optimization stopped after dual gap reached 0.01, iteration : 213
2020-11-24 14:06:44,809  ROOT INFO finished optimization with dual gap : tensor([[0.0046]]), loss : tensor([[-0.2872]]), integral : 1.0091424506275208
2020-11-24 14:06:46,698  root INFO optimization stopped after dual gap reached 0.01, iteration : 212
2020-11-24 14:06:46,701  ROOT INFO finished optimization with dual gap : tensor([[0.0001]]), loss : tensor([[-0.3354]]), integral : 1.0080171496762178
2020-11-24 14:06:46,704  ROOT INFO ENDING TRIAL : la : 8.253645286035814e-06 -- mu : 0.00017039927702381142
[32m[I 2020-11-24 14:06:46,704][0m Trial 19 finished with value: 0.9587709153509547 and parameters: {'la': 8.253645286035814e-06, 'mu': 0.00017039927702381142}. Best is trial 9 with value: 0.9584606242012976.[0m
2020-11-24 14:07:16,615  root INFO optimization stopped after dual gap reached 0.01, iteration : 16773
2020-11-24 14:07:16,617  ROOT INFO finished optimization with dual gap : tensor([[0.0021]]), loss : tensor([[-0.3417]]), integral : 1.008557375997622
2020-11-24 14:07:35,917  root INFO optimization stopped after dual gap reached 0.01, iteration : 10546
2020-11-24 14:07:35,918  ROOT INFO finished optimization with dual gap : tensor([[0.0072]]), loss : tensor([[-0.2929]]), integral : 1.0091772644206247
2020-11-24 14:08:25,441  root INFO optimization stopped after dual gap reached 0.01, iteration : 13296
2020-11-24 14:08:25,443  ROOT INFO finished optimization with dual gap : tensor([[0.0089]]), loss : tensor([[-0.2834]]), integral : 1.0039751887426533
2020-11-24 14:08:43,566  root INFO optimization stopped after dual gap reached 0.01, iteration : 12573
2020-11-24 14:08:43,567  ROOT INFO finished optimization with dual gap : tensor([[0.0100]]), loss : tensor([[-0.3319]]), integral : 1.0047338459625201
2020-11-24 14:09:51,454  root INFO optimization stopped after dual gap reached 0.01, iteration : 15264
2020-11-24 14:09:51,456  ROOT INFO finished optimization with dual gap : tensor([[0.0100]]), loss : tensor([[-0.3228]]), integral : 1.0010906875088799
2020-11-24 14:10:42,043  root INFO optimization stopped after dual gap reached 0.01, iteration : 22260
2020-11-24 14:10:42,045  ROOT INFO finished optimization with dual gap : tensor([[0.0100]]), loss : tensor([[-0.4049]]), integral : 1.0021436615125752
2020-11-24 14:10:42,152  ROOT INFO ENDING TRIAL : la : 2.857805107478368e-06 -- mu : 1.795631014105701e-07
[32m[I 2020-11-24 14:10:42,152][0m Trial 5 finished with value: 0.9503609355728759 and parameters: {'la': 2.857805107478368e-06, 'mu': 1.795631014105701e-07}. Best is trial 5 with value: 0.9503609355728759.[0m
2020-11-24 14:11:35,009  root INFO optimization stopped after dual gap reached 0.01, iteration : 28185
2020-11-24 14:11:35,010  ROOT INFO finished optimization with dual gap : tensor([[0.0100]]), loss : tensor([[-0.3940]]), integral : 0.9978854547896558
2020-11-24 14:11:35,121  ROOT INFO ENDING TRIAL : la : 3.1361229475666456e-05 -- mu : 1.1457614406752692e-07
[32m[I 2020-11-24 14:11:35,121][0m Trial 4 finished with value: 0.9636343914342362 and parameters: {'la': 3.1361229475666456e-05, 'mu': 1.1457614406752692e-07}. Best is trial 5 with value: 0.9503609355728759.[0m
2020-11-24 14:12:18,624  root INFO optimization stopped after dual gap reached 0.01, iteration : 12977
2020-11-24 14:12:18,624  ROOT INFO finished optimization with dual gap : tensor([[0.0100]]), loss : tensor([[-0.3398]]), integral : 1.0051640768082275
