[32m[I 2020-11-24 14:14:18,253][0m Trial 12 finished with value: 1.0720598329885846 and parameters: {'la': 0.16236386447927104}. Best is trial 8 with value: -3.5840235526377002.[0m
2020-11-24 14:14:18,258  ROOT INFO STARTING TRIAL : la : 2.5425446446867323e-06
2020-11-24 14:14:18,281  root INFO optimization stopped after dual gap reached 0.01, iteration : 26
2020-11-24 14:14:18,286  ROOT INFO finished optimization with dual gap : tensor([[5.5110e-05]]), loss : tensor([[-3.7358]]), integral : tensor([[0.9965]])
2020-11-24 14:14:18,369  root INFO optimization stopped after dual gap reached 0.01, iteration : 13
2020-11-24 14:14:18,374  ROOT INFO finished optimization with dual gap : tensor([[0.0001]]), loss : tensor([[0.6869]]), integral : tensor([[1.0010]])
2020-11-24 14:14:18,385  root INFO optimization stopped after dual gap reached 0.01, iteration : 20
2020-11-24 14:14:18,390  ROOT INFO finished optimization with dual gap : tensor([[3.1060e-05]]), loss : tensor([[-2.4927]]), integral : tensor([[1.0005]])
2020-11-24 14:14:18,394  ROOT INFO ENDING TRIAL : la : 0.0005058509900413498
[32m[I 2020-11-24 14:14:18,395][0m Trial 11 finished with value: -1.5404322700686977 and parameters: {'la': 0.0005058509900413498}. Best is trial 8 with value: -3.5840235526377002.[0m
2020-11-24 14:14:18,400  ROOT INFO STARTING TRIAL : la : 3.232121428915439e-06
2020-11-24 14:14:18,585  root INFO optimization stopped after dual gap reached 0.01, iteration : 19
2020-11-24 14:14:18,588  root INFO optimization stopped after dual gap reached 0.01, iteration : 28
2020-11-24 14:14:18,589  ROOT INFO finished optimization with dual gap : tensor([[0.0001]]), loss : tensor([[-3.7384]]), integral : tensor([[0.9959]])
2020-11-24 14:14:18,594  ROOT INFO finished optimization with dual gap : tensor([[3.1057e-05]]), loss : tensor([[-4.7213]]), integral : tensor([[0.9963]])
2020-11-24 14:14:18,627  root INFO optimization stopped after dual gap reached 0.01, iteration : 13
2020-11-24 14:14:18,631  ROOT INFO finished optimization with dual gap : tensor([[0.0001]]), loss : tensor([[0.6758]]), integral : tensor([[1.0010]])
2020-11-24 14:14:18,635  ROOT INFO ENDING TRIAL : la : 0.7930399491543055
[32m[I 2020-11-24 14:14:18,635][0m Trial 14 finished with value: 1.5494880386642926 and parameters: {'la': 0.7930399491543055}. Best is trial 8 with value: -3.5840235526377002.[0m
2020-11-24 14:14:18,640  ROOT INFO STARTING TRIAL : la : 1.975876583806404e-06
2020-11-24 14:14:18,652  root INFO optimization stopped after dual gap reached 0.01, iteration : 28
2020-11-24 14:14:18,656  ROOT INFO finished optimization with dual gap : tensor([[3.1964e-05]]), loss : tensor([[-5.0992]]), integral : tensor([[0.9943]])
2020-11-24 14:14:18,780  root INFO optimization stopped after dual gap reached 0.01, iteration : 28
2020-11-24 14:14:18,785  ROOT INFO finished optimization with dual gap : tensor([[3.1713e-05]]), loss : tensor([[-4.9795]]), integral : tensor([[0.9950]])
2020-11-24 14:14:18,888  root INFO optimization stopped after dual gap reached 0.01, iteration : 20
2020-11-24 14:14:18,891  ROOT INFO finished optimization with dual gap : tensor([[4.6940e-05]]), loss : tensor([[-3.7494]]), integral : tensor([[1.0007]])
2020-11-24 14:14:18,895  ROOT INFO ENDING TRIAL : la : 3.913950910962136e-05
[32m[I 2020-11-24 14:14:18,895][0m Trial 13 finished with value: -2.807786657101674 and parameters: {'la': 3.913950910962136e-05}. Best is trial 8 with value: -3.5840235526377002.[0m
2020-11-24 14:14:18,900  ROOT INFO STARTING TRIAL : la : 1.0304268345257462e-06
2020-11-24 14:14:18,955  root INFO optimization stopped after dual gap reached 0.01, iteration : 26
2020-11-24 14:14:18,959  ROOT INFO finished optimization with dual gap : tensor([[4.5256e-06]]), loss : tensor([[-4.7231]]), integral : tensor([[1.0027]])
2020-11-24 14:14:19,008  root INFO optimization stopped after dual gap reached 0.01, iteration : 28
2020-11-24 14:14:19,012  ROOT INFO finished optimization with dual gap : tensor([[3.2198e-05]]), loss : tensor([[-5.2250]]), integral : tensor([[0.9934]])
2020-11-24 14:14:19,013  root INFO optimization stopped after dual gap reached 0.01, iteration : 26
2020-11-24 14:14:19,019  ROOT INFO finished optimization with dual gap : tensor([[6.8047e-06]]), loss : tensor([[-5.1010]]), integral : tensor([[1.0030]])
2020-11-24 14:14:19,144  root INFO optimization stopped after dual gap reached 0.01, iteration : 26
2020-11-24 14:14:19,149  ROOT INFO finished optimization with dual gap : tensor([[6.1727e-06]]), loss : tensor([[-4.9813]]), integral : tensor([[1.0029]])
2020-11-24 14:14:19,268  root INFO optimization stopped after dual gap reached 0.01, iteration : 28
2020-11-24 14:14:19,272  ROOT INFO finished optimization with dual gap : tensor([[3.2682e-05]]), loss : tensor([[-5.5500]]), integral : tensor([[0.9906]])
2020-11-24 14:14:19,322  root INFO optimization stopped after dual gap reached 0.01, iteration : 27
2020-11-24 14:14:19,327  ROOT INFO finished optimization with dual gap : tensor([[4.1030e-07]]), loss : tensor([[-4.7182]]), integral : tensor([[1.0053]])
2020-11-24 14:14:19,369  root INFO optimization stopped after dual gap reached 0.01, iteration : 26
2020-11-24 14:14:19,374  ROOT INFO finished optimization with dual gap : tensor([[7.3929e-06]]), loss : tensor([[-5.2268]]), integral : tensor([[1.0031]])
2020-11-24 14:14:19,383  root INFO optimization stopped after dual gap reached 0.01, iteration : 27
2020-11-24 14:14:19,387  ROOT INFO finished optimization with dual gap : tensor([[1.0735e-06]]), loss : tensor([[-5.0961]]), integral : tensor([[1.0076]])
2020-11-24 14:14:19,520  root INFO optimization stopped after dual gap reached 0.01, iteration : 27
2020-11-24 14:14:19,524  ROOT INFO finished optimization with dual gap : tensor([[8.8967e-07]]), loss : tensor([[-4.9764]]), integral : tensor([[1.0068]])
2020-11-24 14:14:19,634  root INFO optimization stopped after dual gap reached 0.01, iteration : 26
2020-11-24 14:14:19,638  ROOT INFO finished optimization with dual gap : tensor([[8.6121e-06]]), loss : tensor([[-5.5518]]), integral : tensor([[1.0035]])
2020-11-24 14:14:19,684  root INFO optimization stopped after dual gap reached 0.01, iteration : 26
2020-11-24 14:14:19,688  ROOT INFO finished optimization with dual gap : tensor([[9.3457e-06]]), loss : tensor([[-4.7208]]), integral : tensor([[1.0023]])
2020-11-24 14:14:19,745  root INFO optimization stopped after dual gap reached 0.01, iteration : 27
2020-11-24 14:14:19,745  root INFO optimization stopped after dual gap reached 0.01, iteration : 26
2020-11-24 14:14:19,749  ROOT INFO finished optimization with dual gap : tensor([[1.2446e-06]]), loss : tensor([[-5.2219]]), integral : tensor([[1.0086]])
2020-11-24 14:14:19,749  ROOT INFO finished optimization with dual gap : tensor([[1.1639e-05]]), loss : tensor([[-5.0986]]), integral : tensor([[1.0024]])
2020-11-24 14:14:19,892  root INFO optimization stopped after dual gap reached 0.01, iteration : 26
2020-11-24 14:14:19,897  ROOT INFO finished optimization with dual gap : tensor([[1.1003e-05]]), loss : tensor([[-4.9789]]), integral : tensor([[1.0024]])
2020-11-24 14:14:19,994  root INFO optimization stopped after dual gap reached 0.01, iteration : 20
2020-11-24 14:14:19,998  ROOT INFO finished optimization with dual gap : tensor([[5.0590e-05]]), loss : tensor([[-4.7318]]), integral : tensor([[1.0012]])
2020-11-24 14:14:20,002  ROOT INFO ENDING TRIAL : la : 5.425171871483205e-06
[32m[I 2020-11-24 14:14:20,002][0m Trial 15 finished with value: -3.7928179937873248 and parameters: {'la': 5.425171871483205e-06}. Best is trial 15 with value: -3.7928179937873248.[0m
2020-11-24 14:14:20,049  root INFO optimization stopped after dual gap reached 0.01, iteration : 20
2020-11-24 14:14:20,053  ROOT INFO finished optimization with dual gap : tensor([[5.1263e-05]]), loss : tensor([[-5.1097]]), integral : tensor([[1.0016]])
2020-11-24 14:14:20,054  root INFO optimization stopped after dual gap reached 0.01, iteration : 33
2020-11-24 14:14:20,056  ROOT INFO ENDING TRIAL : la : 2.5425446446867323e-06
[32m[I 2020-11-24 14:14:20,056][0m Trial 16 finished with value: -4.171218417377451 and parameters: {'la': 2.5425446446867323e-06}. Best is trial 16 with value: -4.171218417377451.[0m
2020-11-24 14:14:20,058  ROOT INFO finished optimization with dual gap : tensor([[1.0937e-05]]), loss : tensor([[-5.5468]]), integral : tensor([[0.9939]])
2020-11-24 14:14:20,088  root INFO optimization stopped after dual gap reached 0.01, iteration : 26
2020-11-24 14:14:20,090  ROOT INFO finished optimization with dual gap : tensor([[1.2231e-05]]), loss : tensor([[-5.2244]]), integral : tensor([[1.0025]])
2020-11-24 14:14:20,142  root INFO optimization stopped after dual gap reached 0.01, iteration : 20
2020-11-24 14:14:20,146  ROOT INFO finished optimization with dual gap : tensor([[5.1077e-05]]), loss : tensor([[-4.9900]]), integral : tensor([[1.0014]])
2020-11-24 14:14:20,148  ROOT INFO ENDING TRIAL : la : 3.232121428915439e-06
[32m[I 2020-11-24 14:14:20,148][0m Trial 17 finished with value: -4.05138164055962 and parameters: {'la': 3.232121428915439e-06}. Best is trial 16 with value: -4.171218417377451.[0m
2020-11-24 14:14:20,239  root INFO optimization stopped after dual gap reached 0.01, iteration : 20
2020-11-24 14:14:20,240  ROOT INFO finished optimization with dual gap : tensor([[5.1435e-05]]), loss : tensor([[-5.2355]]), integral : tensor([[1.0017]])
2020-11-24 14:14:20,243  ROOT INFO ENDING TRIAL : la : 1.975876583806404e-06
[32m[I 2020-11-24 14:14:20,243][0m Trial 18 finished with value: -4.2971557909108835 and parameters: {'la': 1.975876583806404e-06}. Best is trial 18 with value: -4.2971557909108835.[0m
2020-11-24 14:14:20,244  root INFO optimization stopped after dual gap reached 0.01, iteration : 26
2020-11-24 14:14:20,244  ROOT INFO finished optimization with dual gap : tensor([[1.3457e-05]]), loss : tensor([[-5.5494]]), integral : tensor([[1.0027]])
2020-11-24 14:14:20,290  root INFO optimization stopped after dual gap reached 0.01, iteration : 20
2020-11-24 14:14:20,290  ROOT INFO finished optimization with dual gap : tensor([[5.1791e-05]]), loss : tensor([[-5.5605]]), integral : tensor([[1.0023]])
2020-11-24 14:14:20,292  ROOT INFO ENDING TRIAL : la : 1.0304268345257462e-06
[32m[I 2020-11-24 14:14:20,292][0m Trial 19 finished with value: -4.622389579093302 and parameters: {'la': 1.0304268345257462e-06}. Best is trial 19 with value: -4.622389579093302.[0m
2020-11-24 14:14:20,427  root INFO optimization stopped after dual gap reached 0.01, iteration : 26
2020-11-24 14:14:20,428  ROOT INFO finished optimization with dual gap : tensor([[1.7748e-05]]), loss : tensor([[-5.5549]]), integral : tensor([[1.0009]])
